0 verbose cli /usr/bin/node /usr/lib/node_modules/npm/bin/npm-cli.js
1 info using npm@11.11.0
2 info using node@v22.22.1
3 silly config load:file:/usr/lib/node_modules/npm/npmrc
4 silly config load:file:/expo-project/.npmrc
5 silly config load:file:/usr/etc/npmrc
6 verbose title npm exec expo-doctor
7 verbose argv "exec" "--" "expo-doctor"
8 verbose logfile logs-max:10 dir:/expo-project/.npm/_logs/2026-04-27T17_54_27_280Z-
9 verbose logfile /expo-project/.npm/_logs/2026-04-27T17_54_27_280Z-debug-0.log
10 warn Unknown user config "node-linker". This will stop working in the next major version of npm. See `npm help npmrc` for supported config options.
11 silly logfile start cleaning logs, removing 1 files
12 silly logfile done cleaning log files
13 silly packumentCache heap:4345298944 maxSize:1086324736 maxEntrySize:543162368
14 http fetch GET 200 https://registry.npmjs.org/expo-doctor 89ms (cache revalidated)
15 silly packumentCache heap:4345298944 maxSize:1086324736 maxEntrySize:543162368
16 silly packumentCache heap:4345298944 maxSize:1086324736 maxEntrySize:543162368
17 warn exec The following package was not found and will be installed: expo-doctor@1.18.19
18 silly idealTree buildDeps
19 silly fetch manifest expo-doctor@1.18.19
20 silly packumentCache full:https://registry.npmjs.org/expo-doctor cache-miss
21 http fetch GET 200 https://registry.npmjs.org/expo-doctor 46ms (cache revalidated)
22 silly packumentCache full:https://registry.npmjs.org/expo-doctor set size:753300 disposed:false
23 silly placeDep ROOT expo-doctor@1.18.19 OK for:  want: 1.18.19
24 silly reify moves {}
25 silly audit bulk request { 'expo-doctor': [ '1.18.19' ] }
26 http cache expo-doctor@https://registry.npmjs.org/expo-doctor/-/expo-doctor-1.18.19.tgz 0ms (cache hit)
27 http fetch POST 200 https://registry.npmjs.org/-/npm/v1/security/advisories/bulk 220ms
28 silly audit report {}
29 verbose cwd /expo-project
30 verbose os Linux 4.4.0
31 verbose node v22.22.1
32 verbose npm  v11.11.0
33 verbose exit 1
34 verbose code 1
