0 verbose cli /usr/bin/node /usr/bin/npm
1 info using npm@11.11.0
2 info using node@v22.22.1
3 silly config load:file:/usr/lib/node_modules/npm/npmrc
4 silly config load:file:/expo-project/.npmrc
5 silly config load:file:/usr/etc/npmrc
6 verbose title npm explain eas-cli
7 verbose argv "explain" "eas-cli" "--json"
8 verbose logfile logs-max:10 dir:/expo-project/.npm/_logs/2026-04-27T17_37_44_732Z-
9 verbose logfile /expo-project/.npm/_logs/2026-04-27T17_37_44_732Z-debug-0.log
10 warn Unknown env config "node-linker". This will stop working in the next major version of npm. See `npm help npmrc` for supported config options.
11 warn Unknown user config "node-linker". This will stop working in the next major version of npm. See `npm help npmrc` for supported config options.
12 silly logfile start cleaning logs, removing 1 files
13 silly logfile done cleaning log files
14 silly packumentCache heap:4345298944 maxSize:1086324736 maxEntrySize:543162368
15 verbose stack Error: No dependencies found matching eas-cli
15 verbose stack     at Explain.exec (/usr/lib/node_modules/npm/lib/commands/explain.js:56:13)
15 verbose stack     at async Npm.exec (/usr/lib/node_modules/npm/lib/npm.js:209:9)
15 verbose stack     at async module.exports (/usr/lib/node_modules/npm/lib/cli/entry.js:67:5)
16 error No dependencies found matching eas-cli
17 verbose cwd /expo-project
18 verbose os Linux 4.4.0
19 verbose node v22.22.1
20 verbose npm  v11.11.0
21 verbose exit 1
22 verbose code 1
23 error A complete log of this run can be found in: /expo-project/.npm/_logs/2026-04-27T17_37_44_732Z-debug-0.log
