0 verbose cli /usr/bin/node /usr/lib/node_modules/npm/bin/npm-cli.js
1 info using npm@11.11.0
2 info using node@v22.22.1
3 silly config load:file:/usr/lib/node_modules/npm/npmrc
4 silly config load:file:/expo-project/.npmrc
5 silly config load:file:/usr/etc/npmrc
6 verbose title npm exec expo-doctor
7 verbose argv "exec" "--" "expo-doctor"
8 verbose logfile logs-max:10 dir:/expo-project/.npm/_logs/2026-04-27T17_37_40_362Z-
9 verbose logfile /expo-project/.npm/_logs/2026-04-27T17_37_40_362Z-debug-0.log
10 warn Unknown user config "node-linker". This will stop working in the next major version of npm. See `npm help npmrc` for supported config options.
11 silly logfile start cleaning logs, removing 1 files
12 silly logfile done cleaning log files
13 silly packumentCache heap:4345298944 maxSize:1086324736 maxEntrySize:543162368
14 http fetch GET 200 https://registry.npmjs.org/expo-doctor 148ms (cache revalidated)
15 silly packumentCache heap:4345298944 maxSize:1086324736 maxEntrySize:543162368
16 silly packumentCache heap:4345298944 maxSize:1086324736 maxEntrySize:543162368
17 verbose cwd /expo-project
18 verbose os Linux 4.4.0
19 verbose node v22.22.1
20 verbose npm  v11.11.0
21 verbose exit 1
22 verbose code 1
