0 verbose cli /usr/bin/node /usr/lib/node_modules/npm/bin/npm-cli.js
1 info using npm@11.11.0
2 info using node@v22.22.1
3 silly config load:file:/usr/lib/node_modules/npm/npmrc
4 silly config load:file:/expo-project/.npmrc
5 silly config load:file:/usr/etc/npmrc
6 verbose title npm exec jsonlint app.json
7 verbose argv "exec" "--yes" "--" "jsonlint" "app.json"
8 verbose logfile logs-max:10 dir:/expo-project/.npm/_logs/2026-04-27T05_56_47_048Z-
9 verbose logfile /expo-project/.npm/_logs/2026-04-27T05_56_47_048Z-debug-0.log
10 warn Unknown user config "node-linker". This will stop working in the next major version of npm. See `npm help npmrc` for supported config options.
11 silly logfile done cleaning log files
12 silly packumentCache heap:4345298944 maxSize:1086324736 maxEntrySize:543162368
13 http fetch GET 200 https://registry.npmjs.org/npm 126ms
14 http fetch GET 200 https://registry.npmjs.org/jsonlint 35ms (cache miss)
15 silly packumentCache heap:4345298944 maxSize:1086324736 maxEntrySize:543162368
16 silly packumentCache heap:4345298944 maxSize:1086324736 maxEntrySize:543162368
17 silly idealTree buildDeps
18 silly fetch manifest jsonlint@1.6.3
19 silly packumentCache full:https://registry.npmjs.org/jsonlint cache-miss
20 http fetch GET 200 https://registry.npmjs.org/jsonlint 29ms (cache miss)
21 silly packumentCache full:https://registry.npmjs.org/jsonlint set size:undefined disposed:false
22 silly placeDep ROOT jsonlint@1.6.3 OK for:  want: 1.6.3
23 silly fetch manifest nomnom@^1.5.x
24 silly packumentCache full:https://registry.npmjs.org/nomnom cache-miss
25 silly fetch manifest JSV@^4.0.x
26 silly packumentCache full:https://registry.npmjs.org/JSV cache-miss
27 http fetch GET 200 https://registry.npmjs.org/nomnom 24ms (cache miss)
28 silly packumentCache full:https://registry.npmjs.org/nomnom set size:undefined disposed:false
29 http fetch GET 200 https://registry.npmjs.org/JSV 35ms (cache miss)
30 silly packumentCache full:https://registry.npmjs.org/JSV set size:undefined disposed:false
31 silly placeDep ROOT JSV@4.0.2 OK for: jsonlint@1.6.3 want: ^4.0.x
32 silly placeDep ROOT nomnom@1.8.1 OK for: jsonlint@1.6.3 want: ^1.5.x
33 silly fetch manifest underscore@~1.6.0
34 silly packumentCache full:https://registry.npmjs.org/underscore cache-miss
35 silly fetch manifest chalk@~0.4.0
36 silly packumentCache full:https://registry.npmjs.org/chalk cache-miss
37 http fetch GET 200 https://registry.npmjs.org/chalk 23ms (cache miss)
38 silly packumentCache full:https://registry.npmjs.org/chalk set size:undefined disposed:false
39 http fetch GET 200 https://registry.npmjs.org/underscore 33ms (cache miss)
40 silly packumentCache full:https://registry.npmjs.org/underscore set size:undefined disposed:false
41 silly placeDep ROOT chalk@0.4.0 OK for: nomnom@1.8.1 want: ~0.4.0
42 silly placeDep ROOT underscore@1.6.0 OK for: nomnom@1.8.1 want: ~1.6.0
43 silly fetch manifest has-color@~0.1.0
44 silly packumentCache full:https://registry.npmjs.org/has-color cache-miss
45 silly fetch manifest strip-ansi@~0.1.0
46 silly packumentCache full:https://registry.npmjs.org/strip-ansi cache-miss
47 silly fetch manifest ansi-styles@~1.0.0
48 silly packumentCache full:https://registry.npmjs.org/ansi-styles cache-miss
49 http fetch GET 200 https://registry.npmjs.org/has-color 28ms (cache miss)
50 silly packumentCache full:https://registry.npmjs.org/has-color set size:undefined disposed:false
51 http fetch GET 200 https://registry.npmjs.org/strip-ansi 33ms (cache miss)
52 silly packumentCache full:https://registry.npmjs.org/strip-ansi set size:undefined disposed:false
53 http fetch GET 200 https://registry.npmjs.org/ansi-styles 41ms (cache miss)
54 silly packumentCache full:https://registry.npmjs.org/ansi-styles set size:undefined disposed:false
55 silly placeDep ROOT ansi-styles@1.0.0 OK for: chalk@0.4.0 want: ~1.0.0
56 silly placeDep ROOT has-color@0.1.7 OK for: chalk@0.4.0 want: ~0.1.0
57 silly placeDep ROOT strip-ansi@0.1.1 OK for: chalk@0.4.0 want: ~0.1.0
58 silly reify moves {}
59 silly audit bulk request {
59 silly audit   jsonlint: [ '1.6.3' ],
59 silly audit   JSV: [ '4.0.2' ],
59 silly audit   nomnom: [ '1.8.1' ],
59 silly audit   chalk: [ '0.4.0' ],
59 silly audit   underscore: [ '1.6.0' ],
59 silly audit   'ansi-styles': [ '1.0.0' ],
59 silly audit   'has-color': [ '0.1.7' ],
59 silly audit   'strip-ansi': [ '0.1.1' ]
59 silly audit }
60 http cache strip-ansi@https://registry.npmjs.org/strip-ansi/-/strip-ansi-0.1.1.tgz 0ms (cache hit)
61 http cache has-color@https://registry.npmjs.org/has-color/-/has-color-0.1.7.tgz 0ms (cache hit)
62 http cache underscore@https://registry.npmjs.org/underscore/-/underscore-1.6.0.tgz 0ms (cache hit)
63 http cache chalk@https://registry.npmjs.org/chalk/-/chalk-0.4.0.tgz 0ms (cache hit)
64 http cache nomnom@https://registry.npmjs.org/nomnom/-/nomnom-1.8.1.tgz 0ms (cache hit)
65 http cache ansi-styles@https://registry.npmjs.org/ansi-styles/-/ansi-styles-1.0.0.tgz 0ms (cache hit)
66 http cache jsonlint@https://registry.npmjs.org/jsonlint/-/jsonlint-1.6.3.tgz 0ms (cache hit)
67 http cache JSV@https://registry.npmjs.org/JSV/-/JSV-4.0.2.tgz 0ms (cache hit)
68 silly tarball no local data for strip-ansi@https://registry.npmjs.org/strip-ansi/-/strip-ansi-0.1.1.tgz. Extracting by manifest.
69 silly tarball no local data for has-color@https://registry.npmjs.org/has-color/-/has-color-0.1.7.tgz. Extracting by manifest.
70 silly tarball no local data for underscore@https://registry.npmjs.org/underscore/-/underscore-1.6.0.tgz. Extracting by manifest.
71 silly tarball no local data for chalk@https://registry.npmjs.org/chalk/-/chalk-0.4.0.tgz. Extracting by manifest.
72 silly tarball no local data for nomnom@https://registry.npmjs.org/nomnom/-/nomnom-1.8.1.tgz. Extracting by manifest.
73 silly tarball no local data for ansi-styles@https://registry.npmjs.org/ansi-styles/-/ansi-styles-1.0.0.tgz. Extracting by manifest.
74 silly tarball no local data for jsonlint@https://registry.npmjs.org/jsonlint/-/jsonlint-1.6.3.tgz. Extracting by manifest.
75 silly tarball no local data for JSV@https://registry.npmjs.org/JSV/-/JSV-4.0.2.tgz. Extracting by manifest.
76 http fetch GET 200 https://registry.npmjs.org/has-color/-/has-color-0.1.7.tgz 59ms (cache miss)
77 http fetch GET 200 https://registry.npmjs.org/strip-ansi/-/strip-ansi-0.1.1.tgz 63ms (cache miss)
78 http fetch GET 200 https://registry.npmjs.org/chalk/-/chalk-0.4.0.tgz 64ms (cache miss)
79 http fetch GET 200 https://registry.npmjs.org/underscore/-/underscore-1.6.0.tgz 74ms (cache miss)
80 http fetch GET 200 https://registry.npmjs.org/nomnom/-/nomnom-1.8.1.tgz 74ms (cache miss)
81 warn deprecated nomnom@1.8.1: Package no longer supported. Contact support@npmjs.com for more info.
82 http fetch GET 200 https://registry.npmjs.org/ansi-styles/-/ansi-styles-1.0.0.tgz 77ms (cache miss)
83 http fetch GET 200 https://registry.npmjs.org/jsonlint/-/jsonlint-1.6.3.tgz 101ms (cache miss)
84 http fetch POST 200 https://registry.npmjs.org/-/npm/v1/security/advisories/bulk 113ms
85 silly audit report {
85 silly audit report   underscore: [
85 silly audit report     {
85 silly audit report       id: 1109570,
85 silly audit report       url: 'https://github.com/advisories/GHSA-cf4h-3jhx-xvhq',
85 silly audit report       title: 'Arbitrary Code Execution in underscore',
85 silly audit report       severity: 'critical',
85 silly audit report       vulnerable_versions: '>=1.3.2 <1.12.1',
85 silly audit report       cwe: [Array],
85 silly audit report       cvss: [Object]
85 silly audit report     },
85 silly audit report     {
85 silly audit report       id: 1113950,
85 silly audit report       url: 'https://github.com/advisories/GHSA-qpx9-hpmf-5gmw',
85 silly audit report       title: 'Underscore has unlimited recursion in _.flatten and _.isEqual, potential for DoS attack',
85 silly audit report       severity: 'high',
85 silly audit report       vulnerable_versions: '<=1.13.7',
85 silly audit report       cwe: [Array],
85 silly audit report       cvss: [Object]
85 silly audit report     }
85 silly audit report   ]
85 silly audit report }
86 silly packumentCache corgi:https://registry.npmjs.org/underscore cache-miss
87 http fetch GET 200 https://registry.npmjs.org/underscore 25ms (cache miss)
88 silly packumentCache corgi:https://registry.npmjs.org/underscore set size:undefined disposed:false
89 silly packumentCache corgi:https://registry.npmjs.org/nomnom cache-miss
90 http fetch GET 200 https://registry.npmjs.org/JSV/-/JSV-4.0.2.tgz 209ms (cache miss)
91 http fetch GET 200 https://registry.npmjs.org/nomnom 94ms (cache miss)
92 silly packumentCache corgi:https://registry.npmjs.org/nomnom set size:undefined disposed:false
93 silly packumentCache corgi:https://registry.npmjs.org/jsonlint cache-miss
94 http cache https://registry.npmjs.org/jsonlint 4ms (cache hit)
95 silly packumentCache corgi:https://registry.npmjs.org/jsonlint set size:10806 disposed:false
96 verbose cwd /expo-project
97 verbose os Linux 4.4.0
98 verbose node v22.22.1
99 verbose npm  v11.11.0
100 notice
100 notice New minor version of npm available! 11.11.0 -> 11.13.0
100 notice Changelog: https://github.com/npm/cli/releases/tag/v11.13.0
100 notice To update run: npm install -g npm@11.13.0
100 notice  { force: true, [Symbol(proc-log.meta)]: true }
101 verbose exit 0
102 info ok
